<?xml version="1.0" encoding="UTF-8"?>
<!-- Generated by org.testng.reporters.JUnitReportReporter -->
<testsuite hostname="LAPTOP-URBL5M10" failures="0" tests="1" name="in.amazon.testscripts.DDF" time="8.185" errors="0" timestamp="2022-09-01T21:39:31 EDT" skipped="0">
  <testcase classname="in.amazon.testscripts.DDF" name="verifyErrMsgOnInvalidUsername" time="8.185"/>
  <system-out/>
</testsuite> <!-- in.amazon.testscripts.DDF -->
