<?xml version="1.0" encoding="UTF-8"?>
<!-- Generated by org.testng.reporters.JUnitReportReporter -->
<testsuite hostname="LAPTOP-URBL5M10" failures="0" tests="1" name="in.amazon.testscripts.BuyMobilePhoneTest" time="25.777" errors="0" timestamp="2023-01-24T20:05:06 EST" skipped="0">
  <testcase classname="in.amazon.testscripts.BuyMobilePhoneTest" name="buyMobile" time="25.777"/>
  <system-out/>
</testsuite> <!-- in.amazon.testscripts.BuyMobilePhoneTest -->
